##### european_football_2 - 108 #####
Error: Slicing error for the schema_linking module
Prompt: Let’s break down the question:  
"Which country's players have the heaviest average weights?"

**Step 1: Identify the columns and tables needed.**
- "country's players" → We need to link players to a country.
- "heaviest average weights" → We need player weights and to group by country.

**Step 2: Find how to link Player to Country.**
- Player table has no direct country_id.
- Player is linked to Match via Match.home_player_1...11 and Match.away_player_1...11 (all foreign keys to Player.player_api_id).
- Match has home_team_api_id and away_team_api_id (foreign keys to Team.team_api_id).
- Team is not directly linked to Country, but League is linked to Country via League.country_id = Country.id, and Match has league_id.
- However, there is no direct link from Team to Country, but teams play in leagues, and leagues are in countries.

**Step 3: Find the best path.**
- For each player, find all matches they played in (as home or away player).
- For each match, get the league_id, then get the country_id from League.
- For each player, aggregate the countries they played in, but this is not a perfect mapping (players can play in multiple countries).
- Alternatively, if we assume a player’s country is the country of the league(s) they played in, we can group by country.

**Step 4: List the schema elements involved.**
- Player.player_api_id, Player.weight
- Match.home_player_1...11, Match.away_player_1...11 (all foreign keys to Player.player_api_id)
- Match.league_id
- League.country_id = Country.id
- Country.name

**Step 5: List possible cell values.**
- No specific cell values needed.

**Step 6: List the schema links.**

**Schema_links:**
- Player.player_api_id
- Player.weight
- Match.home_player_1 = Player.player_api_id
- Match.home_player_2 = Player.player_api_id
- Match.home_player_3 = Player.player_api_id
- Match.home_player_4 = Player.player_api_id
- Match.home_player_5 = Player.player_api_id
- Match.home_player_6 = Player.player_api_id
- Match.home_player_7 = Player.player_api_id
- Match.home_player_8 = Player.player_api_id
- Match.home_player_9 = Player.player_api_id
- Match.home_player_10 = Player.player_api_id
- Match.home_player_11 = Player.player_api_id
- Match.away_player_1 = Player.player_api_id
- Match.away_player_2 = Player.player_api_id
- Match.away_player_3 = Player.player_api_id
- Match.away_player_4 = Player.player_api_id
- Match.away_player_5
  ## Question:
    Which country's players have the heaviest average weights?

  ## Query:
    SELECT t1.name FROM Country AS t1 INNER JOIN Match AS t2 ON t1.id = t2.country_id INNER JOIN Player AS t3 ON t2.home_player_1 = t3.player_api_id GROUP BY t1.name ORDER BY AVG(t3.weight) DESC LIMIT 1


